{
  "0 debug pnpm:scope": {
    "selected": 1
  },
  "1 error pnpm": {
    "errno": 1,
    "code": "ELIFECYCLE",
    "pkgid": "inventory-ui@0.1.0",
    "stage": "build",
    "script": "webpack --mode production --node-env=production",
    "pkgname": "inventory-ui",
    "err": {
      "name": "pnpm",
      "message": "inventory-ui@0.1.0 build: `webpack --mode production --node-env=production`\nExit status 1",
      "code": "ELIFECYCLE",
      "stack": "pnpm: inventory-ui@0.1.0 build: `webpack --mode production --node-env=production`\nExit status 1\n    at EventEmitter.<anonymous> (C:\\Users\\User\\AppData\\Roaming\\npm\\node_modules\\pnpm\\dist\\pnpm.cjs:105685:20)\n    at EventEmitter.emit (node:events:520:28)\n    at ChildProcess.<anonymous> (C:\\Users\\User\\AppData\\Roaming\\npm\\node_modules\\pnpm\\dist\\pnpm.cjs:92232:18)\n    at ChildProcess.emit (node:events:520:28)\n    at maybeClose (node:internal/child_process:1092:16)\n    at Process.ChildProcess._handle.onexit (node:internal/child_process:302:5)"
    }
  },
  "2 warn pnpm:global": " Local package.json exists, but node_modules missing, did you mean to install?"
}